<?xml version="1.0" encoding="UTF-8" ?>
<testsuite errors="0" failures="0" hostname="ER01DSK40613061" name="com.test.junit.DummyJUnitTest" tests="2" time="0.548" timestamp="2013-01-17T04:44:36">
  <properties>
[...]
</properties>
  <testcase classname="com.test.junit.DummyJUnitTest" name="testAddMethod" time="0.0030" />
  <testcase classname="com.test.junit.DummyJUnitTest" name="testAddMethod2" time="0.0020" />
  <system-out><![CDATA[Running beforClass
Running Before
Running After
Running Before
Test2
Running After
Running Afterclass
]]></system-out>
  <system-err><![CDATA[]]></system-err>
</testsuite>
